Performing C SOURCE FILE Test CMAKE_HAVE_LIBC_PTHREAD failed with the following output:
Change Dir: /home/tslay/Dev/IEEE_2030-5_Resources/build/CMakeFiles/CMakeTmp

Run Build Command(s):/usr/bin/make cmTC_bac0f/fast && /usr/bin/make  -f CMakeFiles/cmTC_bac0f.dir/build.make CMakeFiles/cmTC_bac0f.dir/build
make[1]: Entering directory '/home/tslay/Dev/IEEE_2030-5_Resources/build/CMakeFiles/CMakeTmp'
Building C object CMakeFiles/cmTC_bac0f.dir/src.c.o
/usr/bin/cc   -DCMAKE_HAVE_LIBC_PTHREAD -o CMakeFiles/cmTC_bac0f.dir/src.c.o -c /home/tslay/Dev/IEEE_2030-5_Resources/build/CMakeFiles/CMakeTmp/src.c
Linking C executable cmTC_bac0f
/usr/local/bin/cmake -E cmake_link_script CMakeFiles/cmTC_bac0f.dir/link.txt --verbose=1
/usr/bin/cc  -DCMAKE_HAVE_LIBC_PTHREAD -rdynamic CMakeFiles/cmTC_bac0f.dir/src.c.o -o cmTC_bac0f 
/usr/bin/ld: CMakeFiles/cmTC_bac0f.dir/src.c.o: in function `main':
src.c:(.text+0x46): undefined reference to `pthread_create'
/usr/bin/ld: src.c:(.text+0x52): undefined reference to `pthread_detach'
/usr/bin/ld: src.c:(.text+0x5e): undefined reference to `pthread_cancel'
/usr/bin/ld: src.c:(.text+0x6f): undefined reference to `pthread_join'
collect2: error: ld returned 1 exit status
make[1]: *** [CMakeFiles/cmTC_bac0f.dir/build.make:106: cmTC_bac0f] Error 1
make[1]: Leaving directory '/home/tslay/Dev/IEEE_2030-5_Resources/build/CMakeFiles/CMakeTmp'
make: *** [Makefile:140: cmTC_bac0f/fast] Error 2


Source file was:
#include <pthread.h>

void* test_func(void* data)
{
  return data;
}

int main(void)
{
  pthread_t thread;
  pthread_create(&thread, NULL, test_func, NULL);
  pthread_detach(thread);
  pthread_cancel(thread);
  pthread_join(thread, NULL);
  pthread_atfork(NULL, NULL, NULL);
  pthread_exit(NULL);

  return 0;
}

Determining if the function pthread_create exists in the pthreads failed with the following output:
Change Dir: /home/tslay/Dev/IEEE_2030-5_Resources/build/CMakeFiles/CMakeTmp

Run Build Command(s):/usr/bin/make cmTC_8a69a/fast && /usr/bin/make  -f CMakeFiles/cmTC_8a69a.dir/build.make CMakeFiles/cmTC_8a69a.dir/build
make[1]: Entering directory '/home/tslay/Dev/IEEE_2030-5_Resources/build/CMakeFiles/CMakeTmp'
Building C object CMakeFiles/cmTC_8a69a.dir/CheckFunctionExists.c.o
/usr/bin/cc   -DCHECK_FUNCTION_EXISTS=pthread_create -o CMakeFiles/cmTC_8a69a.dir/CheckFunctionExists.c.o -c /usr/local/share/cmake-3.18/Modules/CheckFunctionExists.c
Linking C executable cmTC_8a69a
/usr/local/bin/cmake -E cmake_link_script CMakeFiles/cmTC_8a69a.dir/link.txt --verbose=1
/usr/bin/cc  -DCHECK_FUNCTION_EXISTS=pthread_create -rdynamic CMakeFiles/cmTC_8a69a.dir/CheckFunctionExists.c.o -o cmTC_8a69a  -lpthreads 
/usr/bin/ld: cannot find -lpthreads
collect2: error: ld returned 1 exit status
make[1]: *** [CMakeFiles/cmTC_8a69a.dir/build.make:106: cmTC_8a69a] Error 1
make[1]: Leaving directory '/home/tslay/Dev/IEEE_2030-5_Resources/build/CMakeFiles/CMakeTmp'
make: *** [Makefile:140: cmTC_8a69a/fast] Error 2



